{"/Users/wumao/学习/webpack/my-project1/builder-webpack/lib/webpack.base.js":{"path":"/Users/wumao/学习/webpack/my-project1/builder-webpack/lib/webpack.base.js","s":{"1":1,"2":1,"3":1,"4":1,"5":1,"6":1,"7":1,"8":1,"9":1,"10":1,"11":1,"12":1,"13":1,"14":1,"15":1,"16":2,"17":2,"18":2,"19":2,"20":2,"21":2,"22":1,"23":1,"24":1,"25":0,"26":0,"27":0},"b":{"1":[2,2],"2":[0,0],"3":[0,0,0]},"f":{"1":0},"fnMap":{"1":{"name":"errorPlugin","line":124,"loc":{"start":{"line":124,"column":8},"end":{"line":124,"column":30}}}},"statementMap":{"1":{"start":{"line":1,"column":0},"end":{"line":1,"column":28}},"2":{"start":{"line":2,"column":0},"end":{"line":2,"column":28}},"3":{"start":{"line":3,"column":0},"end":{"line":3,"column":34}},"4":{"start":{"line":4,"column":0},"end":{"line":4,"column":63}},"5":{"start":{"line":5,"column":0},"end":{"line":5,"column":84}},"6":{"start":{"line":6,"column":0},"end":{"line":6,"column":56}},"7":{"start":{"line":7,"column":0},"end":{"line":7,"column":60}},"8":{"start":{"line":8,"column":0},"end":{"line":8,"column":75}},"9":{"start":{"line":9,"column":0},"end":{"line":9,"column":77}},"10":{"start":{"line":11,"column":0},"end":{"line":11,"column":33}},"11":{"start":{"line":13,"column":0},"end":{"line":49,"column":1}},"12":{"start":{"line":14,"column":4},"end":{"line":14,"column":20}},"13":{"start":{"line":15,"column":4},"end":{"line":15,"column":33}},"14":{"start":{"line":16,"column":4},"end":{"line":16,"column":76}},"15":{"start":{"line":17,"column":4},"end":{"line":44,"column":6}},"16":{"start":{"line":18,"column":8},"end":{"line":18,"column":43}},"17":{"start":{"line":20,"column":8},"end":{"line":20,"column":38}},"18":{"start":{"line":21,"column":8},"end":{"line":21,"column":61}},"19":{"start":{"line":22,"column":8},"end":{"line":22,"column":43}},"20":{"start":{"line":23,"column":8},"end":{"line":23,"column":36}},"21":{"start":{"line":24,"column":8},"end":{"line":43,"column":9}},"22":{"start":{"line":45,"column":4},"end":{"line":48,"column":5}},"23":{"start":{"line":50,"column":0},"end":{"line":50,"column":44}},"24":{"start":{"line":51,"column":0},"end":{"line":134,"column":1}},"25":{"start":{"line":126,"column":12},"end":{"line":130,"column":14}},"26":{"start":{"line":127,"column":16},"end":{"line":129,"column":17}},"27":{"start":{"line":128,"column":20},"end":{"line":128,"column":36}}},"branchMap":{"1":{"line":22,"type":"binary-expr","locations":[{"start":{"line":22,"column":25},"end":{"line":22,"column":30}},{"start":{"line":22,"column":34},"end":{"line":22,"column":42}}]},"2":{"line":127,"type":"if","locations":[{"start":{"line":127,"column":16},"end":{"line":127,"column":16}},{"start":{"line":127,"column":16},"end":{"line":127,"column":16}}]},"3":{"line":127,"type":"binary-expr","locations":[{"start":{"line":127,"column":19},"end":{"line":127,"column":43}},{"start":{"line":127,"column":45},"end":{"line":127,"column":76}},{"start":{"line":127,"column":78},"end":{"line":127,"column":113}}]}}}}